<?xml version="1.0" encoding="UTF-8"?>
<!-- Generated by org.testng.reporters.JUnitXMLReporter -->
<testsuite ignored="0" hostname="SindhuASUS-TPLSUFF2" failures="1" tests="33" name="TestEdge" time="513.092" errors="0" timestamp="2024-12-14T12:40:32 EST">
  <testcase classname="tests.HomeTestCases" name="VerifyBeforeLoginDSgetStarted" time="1.131"/>
  <testcase classname="tests.HomeTestCases" name="VerifyBeforeArraygetStarted" time="0.404"/>
  <testcase classname="tests.HomeTestCases" name="VerifyBeforeLinkedDSgetStarted" time="0.317"/>
  <testcase classname="tests.LoginTestCases" name="checkEmptyUsername" time="1.469"/>
  <testcase classname="tests.HomeTestCases" name="VerifyBeforeStackDSgetStarted" time="0.388"/>
  <testcase classname="tests.LoginTestCases" name="checkInvalidUsernamePassword" time="0.65"/>
  <testcase classname="tests.HomeTestCases" name="VerifyBeforeQueueDSgetStarted" time="0.35"/>
  <testcase classname="tests.HomeTestCases" name="VerifyBeforeTreeDSgetStarted" time="0.253"/>
  <testcase classname="tests.LoginTestCases" name="checkCorrectUsernamePassword" time="0.295"/>
  <testcase classname="tests.HomeTestCases" name="VerifyBeforeGraphDSgetStarted" time="0.312"/>
  <testcase classname="tests.HomeTestCases" name="user_clicks_on_sign_in_link" time="1.059"/>
  <testcase classname="tests.HomeTestCases" name="clicksGetStartedButton" time="0.84"/>
  <testcase classname="tests.HomeTestCases" name="checkArrayGetStartedButton" time="0.888"/>
  <testcase classname="tests.HomeTestCases" name="checkLinkedGetStartedButton" time="0.704"/>
  <testcase classname="tests.HomeTestCases" name="checkStackGetStartedButton" time="0.467"/>
  <testcase classname="tests.HomeTestCases" name="checkQueueGetStartedButton" time="0.86"/>
  <testcase classname="tests.HomeTestCases" name="checkTreeGetStartedButton" time="0.523"/>
  <testcase classname="tests.StackTestcases" name="OperationsinStackLink" time="1.029"/>
  <testcase classname="tests.HomeTestCases" name="checkGraphGetStartedButton" time="0.554"/>
  <testcase classname="tests.StackTestcases" name="operationtryhere" time="0.634"/>
  <testcase classname="tests.StackTestcases" name="executeoperationsTryHere" time="0.339"/>
  <testcase classname="tests.StackTestcases" name="Implementation" time="0.707"/>
  <testcase classname="tests.StackTestcases" name="Implementationtryhere" time="0.293"/>
  <testcase classname="tests.StackTestcases" name="executeImplementationTryHere" time="0.346"/>
  <testcase classname="tests.StackTestcases" name="Applications" time="0.708"/>
  <testcase classname="tests.StackTestcases" name="ApplicationsTryHere" time="0.262"/>
  <testcase classname="tests.StackTestcases" name="executeApplicationsTryHere" time="0.358"/>
  <testcase classname="tests.StackTestcases" name="userclickspractice_question_link" time="1.058"/>
  <testcase classname="tests.DSIntroTestCases" name="DSintro" time="1.091"/>
  <testcase classname="tests.DSIntroTestCases" name="TimeComplexityLink" time="1.351"/>
  <testcase classname="tests.DSIntroTestCases" name="DSintrotryhere" time="0.66"/>
  <testcase classname="tests.DSIntroTestCases" name="executeImplementationTryHere" time="0.685"/>
  <testcase classname="tests.HomeTestCases" name="clickRegisterLink" time="500.597">
    <failure type="org.openqa.selenium.TimeoutException" message="Expected condition failed: waiting for presence of element located by: By.linkText: Register (tried for 500 second(s) with 500 milliseconds interval)">
      <![CDATA[org.openqa.selenium.TimeoutException: Expected condition failed: waiting for presence of element located by: By.linkText: Register (tried for 500 second(s) with 500 milliseconds interval)
at org.openqa.selenium.support.ui.WebDriverWait.timeoutException(WebDriverWait.java:84)
at org.openqa.selenium.support.ui.FluentWait.until(FluentWait.java:228)
at pageObject.Homepageobject.clickRegister(Homepageobject.java:63)
at tests.HomeTestCases.clickRegisterLink(HomeTestCases.java:159)
at java.base/java.util.concurrent.Executors$RunnableAdapter.call(Executors.java:572)
at java.base/java.util.concurrent.FutureTask.run(FutureTask.java:317)
at java.base/java.util.concurrent.ThreadPoolExecutor.runWorker(ThreadPoolExecutor.java:1144)
at java.base/java.util.concurrent.ThreadPoolExecutor$Worker.run(ThreadPoolExecutor.java:642)
at java.base/java.lang.Thread.run(Thread.java:1583)
Caused by: org.openqa.selenium.NoSuchWindowException: no such window: target window already closed
from unknown error: web view not found
  (Session info: chrome=131.0.6778.140)
Build info: version: '4.23.1', revision: '656257d8e9'
System info: os.name: 'Windows 11', os.arch: 'amd64', os.version: '10.0', java.version: '21.0.3'
Driver info: org.openqa.selenium.chrome.ChromeDriver
Command: [372084c46101213f13c1bd6acf3f6103, findElement {value=Register, using=link text}]
Capabilities {acceptInsecureCerts: false, browserName: chrome, browserVersion: 131.0.6778.140, chrome: {chromedriverVersion: 131.0.6778.108 (3b014839fbc..., userDataDir: C:\Users\leonv\AppData\Loca...}, fedcm:accounts: true, goog:chromeOptions: {debuggerAddress: localhost:56115}, networkConnectionEnabled: false, pageLoadStrategy: normal, platformName: windows, proxy: Proxy(), se:cdp: ws://localhost:56115/devtoo..., se:cdpVersion: 131.0.6778.140, setWindowRect: true, strictFileInteractability: false, timeouts: {implicit: 0, pageLoad: 300000, script: 30000}, unhandledPromptBehavior: dismiss and notify, webauthn:extension:credBlob: true, webauthn:extension:largeBlob: true, webauthn:extension:minPinLength: true, webauthn:extension:prf: true, webauthn:virtualAuthenticators: true}
Session ID: 372084c46101213f13c1bd6acf3f6103
at org.openqa.selenium.remote.ErrorCodec.decode(ErrorCodec.java:167)
at org.openqa.selenium.remote.codec.w3c.W3CHttpResponseCodec.decode(W3CHttpResponseCodec.java:138)
at org.openqa.selenium.remote.codec.w3c.W3CHttpResponseCodec.decode(W3CHttpResponseCodec.java:50)
at org.openqa.selenium.remote.HttpCommandExecutor.execute(HttpCommandExecutor.java:190)
at org.openqa.selenium.remote.service.DriverCommandExecutor.invokeExecute(DriverCommandExecutor.java:216)
at org.openqa.selenium.remote.service.DriverCommandExecutor.execute(DriverCommandExecutor.java:174)
at org.openqa.selenium.remote.RemoteWebDriver.execute(RemoteWebDriver.java:545)
at org.openqa.selenium.remote.ElementLocation$ElementFinder$2.findElement(ElementLocation.java:165)
at org.openqa.selenium.remote.ElementLocation.findElement(ElementLocation.java:59)
at org.openqa.selenium.remote.RemoteWebDriver.findElement(RemoteWebDriver.java:368)
at org.openqa.selenium.remote.RemoteWebDriver.findElement(RemoteWebDriver.java:362)
at org.openqa.selenium.support.ui.ExpectedConditions$6.apply(ExpectedConditions.java:171)
at org.openqa.selenium.support.ui.ExpectedConditions$6.apply(ExpectedConditions.java:168)
at org.openqa.selenium.support.ui.FluentWait.until(FluentWait.java:203)
... 18 more
... Removed 14 stack frames]]>
    </failure>
  </testcase> <!-- clickRegisterLink -->
</testsuite> <!-- TestEdge -->
