<?xml version="1.0" encoding="UTF-8"?>
<!-- Generated by org.testng.reporters.JUnitReportReporter -->
<testsuite hostname="SindhuASUS-TPLSUFF2" failures="0" tests="22" name="tests.StackTestcases" time="10.199" errors="2" timestamp="2024-12-14T12:40:33 EST" skipped="0">
  <testcase classname="tests.StackTestcases" name="tearDown" time="0.002">
    <error message="Cannot invoke &quot;org.openqa.selenium.WebDriver.quit()&quot; because &quot;this.driver&quot; is null" type="java.lang.NullPointerException">
      <![CDATA[java.lang.NullPointerException: Cannot invoke "org.openqa.selenium.WebDriver.quit()" because "this.driver" is null
at tests.BaseCases.tearDown(BaseCases.java:88)
at java.base/jdk.internal.reflect.DirectMethodHandleAccessor.invoke(DirectMethodHandleAccessor.java:103)
at java.base/java.lang.reflect.Method.invoke(Method.java:580)
at org.testng.internal.invokers.MethodInvocationHelper.invokeMethod(MethodInvocationHelper.java:141)
at org.testng.internal.invokers.MethodInvocationHelper.invokeMethodConsideringTimeout(MethodInvocationHelper.java:71)
at org.testng.internal.invokers.ConfigInvoker.invokeConfigurationMethod(ConfigInvoker.java:400)
at org.testng.internal.invokers.ConfigInvoker.invokeConfigurations(ConfigInvoker.java:333)
at org.testng.internal.invokers.TestMethodWorker.invokeAfterClassConfigurations(TestMethodWorker.java:238)
at org.testng.internal.invokers.TestMethodWorker.invokeAfterClassMethods(TestMethodWorker.java:223)
at org.testng.internal.invokers.TestMethodWorker.run(TestMethodWorker.java:137)
at java.base/java.util.concurrent.Executors$RunnableAdapter.call(Executors.java:572)
at java.base/java.util.concurrent.FutureTask.run(FutureTask.java:317)
at org.testng.internal.thread.graph.TestNGFutureTask.run(TestNGFutureTask.java:22)
at java.base/java.util.concurrent.ThreadPoolExecutor.runWorker(ThreadPoolExecutor.java:1144)
at java.base/java.util.concurrent.ThreadPoolExecutor$Worker.run(ThreadPoolExecutor.java:642)
at java.base/java.lang.Thread.run(Thread.java:1583)
]]>
    </error>
  </testcase> <!-- tearDown -->
  <testcase classname="tests.StackTestcases" name="tearDown" time="0.001">
    <error message="Cannot invoke &quot;org.openqa.selenium.WebDriver.quit()&quot; because &quot;this.driver&quot; is null" type="java.lang.NullPointerException">
      <![CDATA[java.lang.NullPointerException: Cannot invoke "org.openqa.selenium.WebDriver.quit()" because "this.driver" is null
at tests.BaseCases.tearDown(BaseCases.java:88)
at java.base/jdk.internal.reflect.DirectMethodHandleAccessor.invoke(DirectMethodHandleAccessor.java:103)
at java.base/java.lang.reflect.Method.invoke(Method.java:580)
at org.testng.internal.invokers.MethodInvocationHelper.invokeMethod(MethodInvocationHelper.java:141)
at org.testng.internal.invokers.MethodInvocationHelper.invokeMethodConsideringTimeout(MethodInvocationHelper.java:71)
at org.testng.internal.invokers.ConfigInvoker.invokeConfigurationMethod(ConfigInvoker.java:400)
at org.testng.internal.invokers.ConfigInvoker.invokeConfigurations(ConfigInvoker.java:333)
at org.testng.internal.invokers.TestMethodWorker.invokeAfterClassConfigurations(TestMethodWorker.java:238)
at org.testng.internal.invokers.TestMethodWorker.invokeAfterClassMethods(TestMethodWorker.java:223)
at org.testng.internal.invokers.TestMethodWorker.run(TestMethodWorker.java:137)
at java.base/java.util.concurrent.Executors$RunnableAdapter.call(Executors.java:572)
at java.base/java.util.concurrent.FutureTask.run(FutureTask.java:317)
at org.testng.internal.thread.graph.TestNGFutureTask.run(TestNGFutureTask.java:22)
at java.base/java.util.concurrent.ThreadPoolExecutor.runWorker(ThreadPoolExecutor.java:1144)
at java.base/java.util.concurrent.ThreadPoolExecutor$Worker.run(ThreadPoolExecutor.java:642)
at java.base/java.lang.Thread.run(Thread.java:1583)
]]>
    </error>
  </testcase> <!-- tearDown -->
  <testcase classname="tests.StackTestcases" name="OperationsinStackLink" time="0.698"/>
  <testcase classname="tests.StackTestcases" name="OperationsinStackLink" time="1.029"/>
  <testcase classname="tests.StackTestcases" name="operationtryhere" time="0.634"/>
  <testcase classname="tests.StackTestcases" name="operationtryhere" time="0.411"/>
  <testcase classname="tests.StackTestcases" name="executeoperationsTryHere" time="0.349"/>
  <testcase classname="tests.StackTestcases" name="executeoperationsTryHere" time="0.339"/>
  <testcase classname="tests.StackTestcases" name="Implementation" time="0.707"/>
  <testcase classname="tests.StackTestcases" name="Implementation" time="0.525"/>
  <testcase classname="tests.StackTestcases" name="Implementationtryhere" time="0.246"/>
  <testcase classname="tests.StackTestcases" name="Implementationtryhere" time="0.293"/>
  <testcase classname="tests.StackTestcases" name="executeImplementationTryHere" time="0.294"/>
  <testcase classname="tests.StackTestcases" name="executeImplementationTryHere" time="0.346"/>
  <testcase classname="tests.StackTestcases" name="Applications" time="0.708"/>
  <testcase classname="tests.StackTestcases" name="Applications" time="0.551"/>
  <testcase classname="tests.StackTestcases" name="ApplicationsTryHere" time="0.262"/>
  <testcase classname="tests.StackTestcases" name="ApplicationsTryHere" time="0.195"/>
  <testcase classname="tests.StackTestcases" name="executeApplicationsTryHere" time="0.358"/>
  <testcase classname="tests.StackTestcases" name="executeApplicationsTryHere" time="0.267"/>
  <testcase classname="tests.StackTestcases" name="userclickspractice_question_link" time="0.926"/>
  <testcase classname="tests.StackTestcases" name="userclickspractice_question_link" time="1.058"/>
</testsuite> <!-- tests.StackTestcases -->
